<?xml version="1.0" encoding="UTF-8"?>
<testsuite xmlns:xsi="http://www.w3.org/2001/XMLSchema-instance" xsi:schemaLocation="https://maven.apache.org/surefire/maven-surefire-plugin/xsd/surefire-test-report.xsd" name="TestSuite" time="63.795" tests="2" errors="0" skipped="0" failures="2">
  <properties>
    <property name="java.runtime.name" value="Java(TM) SE Runtime Environment"/>
    <property name="sun.boot.library.path" value="C:\Program Files (x86)\Java\jdk1.8.0_45\jre\bin"/>
    <property name="java.vm.version" value="25.45-b02"/>
    <property name="java.vm.vendor" value="Oracle Corporation"/>
    <property name="maven.multiModuleProjectDirectory" value="F:\IdeadProject\Appium"/>
    <property name="java.vendor.url" value="http://java.oracle.com/"/>
    <property name="path.separator" value=";"/>
    <property name="guice.disable.misplaced.annotation.check" value="true"/>
    <property name="java.vm.name" value="Java HotSpot(TM) Client VM"/>
    <property name="file.encoding.pkg" value="sun.io"/>
    <property name="user.script" value=""/>
    <property name="user.country" value="US"/>
    <property name="sun.java.launcher" value="SUN_STANDARD"/>
    <property name="sun.os.patch.level" value=""/>
    <property name="java.vm.specification.name" value="Java Virtual Machine Specification"/>
    <property name="user.dir" value="F:\IdeadProject\Appium"/>
    <property name="java.runtime.version" value="1.8.0_45-b15"/>
    <property name="java.awt.graphicsenv" value="sun.awt.Win32GraphicsEnvironment"/>
    <property name="java.endorsed.dirs" value="C:\Program Files (x86)\Java\jdk1.8.0_45\jre\lib\endorsed"/>
    <property name="os.arch" value="x86"/>
    <property name="java.io.tmpdir" value="C:\Users\Lenovo\AppData\Local\Temp\"/>
    <property name="line.separator" value="&#10;"/>
    <property name="java.vm.specification.vendor" value="Oracle Corporation"/>
    <property name="user.variant" value=""/>
    <property name="os.name" value="Windows 8.1"/>
    <property name="classworlds.conf" value="C:\Program Files (x86)\apache-maven-3.5.2\bin\..\bin\m2.conf"/>
    <property name="sun.jnu.encoding" value="Cp1252"/>
    <property name="java.library.path" value="C:\Program Files (x86)\Java\jdk1.8.0_45\bin;C:\WINDOWS\Sun\Java\bin;C:\WINDOWS\system32;C:\WINDOWS;C:\ProgramData\Oracle\Java\javapath;C:\WINDOWS\system32;C:\WINDOWS;C:\WINDOWS\System32\Wbem;C:\WINDOWS\System32\WindowsPowerShell\v1.0\;C:\Program Files (x86)\Java\jdk1.8.0_45\bin;C:\Users\Lenovo\AppData\Local\Android\android-sdk\platform-tools;C:\Program Files\nodejs\;C:\Users\Lenovo\AppData\Local\Android\android-sdk\tools;C:\Program Files (x86)\apache-maven-3.5.2\bin;C:\Users\Lenovo\AppData\Local\Programs\Python\Python36-32;C:\Users\Lenovo\AppData\Local\Programs\Python\Python36-32\Scripts;C:\WINDOWS\System32\OpenSSH\;C:\Program Files\VisualSVN Server\bin;C:\Program Files\TortoiseSVN\bin;C:\Users\Lenovo\AppData\Local\Programs\Python\Launcher\;C:\Users\Lenovo\AppData\Local\Microsoft\WindowsApps;;."/>
    <property name="maven.conf" value="C:\Program Files (x86)\apache-maven-3.5.2\bin\../conf"/>
    <property name="java.specification.name" value="Java Platform API Specification"/>
    <property name="java.class.version" value="52.0"/>
    <property name="sun.management.compiler" value="HotSpot Client Compiler"/>
    <property name="os.version" value="6.3"/>
    <property name="library.jansi.path" value="C:\Program Files (x86)\apache-maven-3.5.2\bin\..\lib\jansi-native"/>
    <property name="user.home" value="C:\Users\Lenovo"/>
    <property name="user.timezone" value="Asia/Calcutta"/>
    <property name="java.awt.printerjob" value="sun.awt.windows.WPrinterJob"/>
    <property name="java.specification.version" value="1.8"/>
    <property name="file.encoding" value="Cp1252"/>
    <property name="user.name" value="Lenovo"/>
    <property name="java.class.path" value="C:\Program Files (x86)\apache-maven-3.5.2\bin\..\boot\plexus-classworlds-2.5.2.jar"/>
    <property name="java.vm.specification.version" value="1.8"/>
    <property name="sun.arch.data.model" value="32"/>
    <property name="java.home" value="C:\Program Files (x86)\Java\jdk1.8.0_45\jre"/>
    <property name="sun.java.command" value="org.codehaus.plexus.classworlds.launcher.Launcher clean install"/>
    <property name="java.specification.vendor" value="Oracle Corporation"/>
    <property name="user.language" value="en"/>
    <property name="awt.toolkit" value="sun.awt.windows.WToolkit"/>
    <property name="java.vm.info" value="mixed mode"/>
    <property name="java.version" value="1.8.0_45"/>
    <property name="java.ext.dirs" value="C:\Program Files (x86)\Java\jdk1.8.0_45\jre\lib\ext;C:\WINDOWS\Sun\Java\lib\ext"/>
    <property name="sun.boot.class.path" value="C:\Program Files (x86)\Java\jdk1.8.0_45\jre\lib\resources.jar;C:\Program Files (x86)\Java\jdk1.8.0_45\jre\lib\rt.jar;C:\Program Files (x86)\Java\jdk1.8.0_45\jre\lib\sunrsasign.jar;C:\Program Files (x86)\Java\jdk1.8.0_45\jre\lib\jsse.jar;C:\Program Files (x86)\Java\jdk1.8.0_45\jre\lib\jce.jar;C:\Program Files (x86)\Java\jdk1.8.0_45\jre\lib\charsets.jar;C:\Program Files (x86)\Java\jdk1.8.0_45\jre\lib\jfr.jar;C:\Program Files (x86)\Java\jdk1.8.0_45\jre\classes"/>
    <property name="sun.stderr.encoding" value="cp437"/>
    <property name="java.vendor" value="Oracle Corporation"/>
    <property name="maven.home" value="C:\Program Files (x86)\apache-maven-3.5.2\bin\.."/>
    <property name="file.separator" value="\"/>
    <property name="java.vendor.url.bug" value="http://bugreport.sun.com/bugreport/"/>
    <property name="sun.cpu.endian" value="little"/>
    <property name="sun.io.unicode.encoding" value="UnicodeLittle"/>
    <property name="sun.stdout.encoding" value="cp437"/>
    <property name="sun.desktop" value="windows"/>
    <property name="sun.cpu.isalist" value="pentium_pro+mmx pentium_pro pentium+mmx pentium i486 i386 i86"/>
  </properties>
  <testcase name="validLoginTest" classname="com.abof.testscripts.LoginTest" time="3.482">
    <failure message="Can&apos;t locate an element by this strategy: Locator map: &#10;- native content: &quot;By.xpath: //android.view.View[@resource-id=&apos;toggle-menu&apos;]&quot; &#10;- html content: &quot;by id or name &quot;hamBurgerMenu&quot;&quot;&#10;For documentation on this error, please visit: http://seleniumhq.org/exceptions/no_such_element.html&#10;Build info: version: &apos;2.53.1&apos;, revision: &apos;a36b8b1cd5757287168e54b817830adce9b0158d&apos;, time: &apos;2016-06-30 19:26:09&apos;&#10;System info: host: &apos;Kanhaiya&apos;, ip: &apos;192.168.0.5&apos;, os.name: &apos;Windows 8.1&apos;, os.arch: &apos;x86&apos;, os.version: &apos;6.3&apos;, java.version: &apos;1.8.0_45&apos;&#10;Driver info: driver.version: unknown" type="org.openqa.selenium.NoSuchElementException">org.openqa.selenium.NoSuchElementException: 
Can't locate an element by this strategy: Locator map: 
- native content: "By.xpath: //android.view.View[@resource-id='toggle-menu']" 
- html content: "by id or name "hamBurgerMenu""
For documentation on this error, please visit: http://seleniumhq.org/exceptions/no_such_element.html
Build info: version: '2.53.1', revision: 'a36b8b1cd5757287168e54b817830adce9b0158d', time: '2016-06-30 19:26:09'
System info: host: 'Kanhaiya', ip: '192.168.0.5', os.name: 'Windows 8.1', os.arch: 'x86', os.version: '6.3', java.version: '1.8.0_45'
Driver info: driver.version: unknown
	at com.abof.testscripts.LoginTest.validLoginTest(LoginTest.java:22)
</failure>
    <system-out><![CDATA[Appium server statrting...
[Appium] Welcome to Appium v1.7.2
[Appium] Non-default server args:
[Appium]   port: 24628
[Appium] Appium REST http interface listener started on 0.0.0.0:24628
[HTTP] --> GET /wd/hub/status {}
[debug] [MJSONWP] Calling AppiumDriver.getStatus() with args: []
[debug] [MJSONWP] Responding to client with driver.getStatus() result: {"build":{"version":"1.7.2","revision":null}}
[HTTP] <-- GET /wd/hub/status 200 26 ms - 72 
Appium server started.
[HTTP] --> POST /wd/hub/session {"desiredCapabilities":{"appPackage":"com.abof.android","appActivity":"com.abof.android.MainActivity","noReset":"true","platformVersion":"","automationName":"UiAutomator2","platformName":"Android","deviceName":"motoG5plus"}}
[debug] [MJSONWP] Calling AppiumDriver.createSession() with args: [{"appPackage":"com.abof.android","appActivity":"com.abof.android.MainActivity","noReset":"true","platformVersion":"","automationName":"UiAutomator2","platformName":"Android","deviceName":"motoG5plus"},null,null]
[debug] [BaseDriver] Event 'newSessionRequested' logged at 1556433638048 (12:10:38 GMT+0530 (India Standard Time))
[Appium] Creating new AndroidUiautomator2Driver (v0.11.0) session
[Appium] Capabilities:
[Appium]   appPackage: com.abof.android
[Appium]   appActivity: com.abof.android.MainActivity
[Appium]   noReset: true
[Appium]   platformVersion: 
[Appium]   automationName: UiAutomator2
[Appium]   platformName: Android
[Appium]   deviceName: motoG5plus
[BaseDriver] Capability 'noReset' changed from string to boolean. This may cause unexpected behavior
[BaseDriver] Session created with session id: e20fb945-8b16-4805-927e-f8618df28704
[debug] [AndroidDriver] Getting Java version
[AndroidDriver] Java version is: 1.8.0_45
[ADB] Checking whether adb is present
[ADB] Using adb.exe from C:\Users\Lenovo\AppData\Local\Android\android-sdk\platform-tools\adb.exe
[AndroidDriver] Retrieving device list
[debug] [ADB] Trying to find a connected android device
[debug] [ADB] Getting connected devices...
[debug] [ADB] 1 device(s) connected
[AndroidDriver] Using device: 60357781
[ADB] Checking whether adb is present
[debug] [ADB] Setting device id to 60357781
[debug] [ADB] Getting connected devices...
[debug] [ADB] 1 device(s) connected
[debug] [ADB] Running 'C:\Users\Lenovo\AppData\Local\Android\android-sdk\platform-tools\adb.exe' with args: ["-P",5037,"-s","60357781","shell","getprop","ro.build.version.sdk"]
[debug] [ADB] Current device property 'ro.build.version.sdk': 21
[debug] [ADB] Device API level: 21
[AndroidDriver] No app sent in, not parsing package/activity
[ADB] Getting device platform version
[debug] [ADB] Getting connected devices...
[debug] [ADB] 1 device(s) connected
[debug] [ADB] Running 'C:\Users\Lenovo\AppData\Local\Android\android-sdk\platform-tools\adb.exe' with args: ["-P",5037,"-s","60357781","shell","getprop","ro.build.version.release"]
[debug] [ADB] Current device property 'ro.build.version.release': 5.0.2
[debug] [ADB] Getting connected devices...
[debug] [ADB] 1 device(s) connected
[debug] [ADB] Running 'C:\Users\Lenovo\AppData\Local\Android\android-sdk\platform-tools\adb.exe' with args: ["-P",5037,"-s","60357781","shell","wm","size"]
[debug] [ADB] Getting connected devices...
[debug] [ADB] 1 device(s) connected
[debug] [ADB] Running 'C:\Users\Lenovo\AppData\Local\Android\android-sdk\platform-tools\adb.exe' with args: ["-P",5037,"-s","60357781","shell","wm","density"]
[debug] [ADB] Getting connected devices...
[debug] [ADB] 1 device(s) connected
[debug] [ADB] Running 'C:\Users\Lenovo\AppData\Local\Android\android-sdk\platform-tools\adb.exe' with args: ["-P",5037,"-s","60357781","shell","getprop","ro.product.model"]
[debug] [ADB] Current device property 'ro.product.model': Lenovo A6000
[debug] [ADB] Getting connected devices...
[debug] [ADB] 1 device(s) connected
[debug] [ADB] Running 'C:\Users\Lenovo\AppData\Local\Android\android-sdk\platform-tools\adb.exe' with args: ["-P",5037,"-s","60357781","shell","getprop","ro.product.manufacturer"]
[debug] [ADB] Current device property 'ro.product.manufacturer': LENOVO
[debug] [ADB] Getting connected devices...
[debug] [ADB] 1 device(s) connected
[debug] [ADB] Running 'C:\Users\Lenovo\AppData\Local\Android\android-sdk\platform-tools\adb.exe' with args: ["-P",5037,"-s","60357781","shell","am","force-stop","io.appium.uiautomator2.server"]
[ADB] Checking whether aapt is present
[ADB] Using aapt.exe from C:\Users\Lenovo\AppData\Local\Android\android-sdk\build-tools\28.0.1\aapt.exe
[debug] [ADB] Getting install status for io.appium.uiautomator2.server
[debug] [ADB] Getting connected devices...
[debug] [ADB] 1 device(s) connected
[debug] [ADB] Running 'C:\Users\Lenovo\AppData\Local\Android\android-sdk\platform-tools\adb.exe' with args: ["-P",5037,"-s","60357781","shell","pm","list","packages","io.appium.uiautomator2.server"]
[debug] [ADB] App is installed
[debug] [ADB] Getting install status for io.appium.uiautomator2.server.test
[debug] [ADB] Getting connected devices...
[debug] [ADB] 1 device(s) connected
[debug] [ADB] Running 'C:\Users\Lenovo\AppData\Local\Android\android-sdk\platform-tools\adb.exe' with args: ["-P",5037,"-s","60357781","shell","pm","list","packages","io.appium.uiautomator2.server.test"]
[debug] [ADB] App is installed
[debug] [ADB] Getting package info for io.appium.uiautomator2.server
[debug] [ADB] Getting connected devices...
[debug] [ADB] 1 device(s) connected
[debug] [ADB] Running 'C:\Users\Lenovo\AppData\Local\Android\android-sdk\platform-tools\adb.exe' with args: ["-P",5037,"-s","60357781","shell","dumpsys","package","io.appium.uiautomator2.server"]
[debug] [UiAutomator2] Waiting up to 20000ms for instrumentation 'io.appium.uiautomator2.server.test/android.support.test.runner.AndroidJUnitRunner' to be available
[debug] [ADB] Getting connected devices...
[debug] [ADB] 1 device(s) connected
[debug] [ADB] Running 'C:\Users\Lenovo\AppData\Local\Android\android-sdk\platform-tools\adb.exe' with args: ["-P",5037,"-s","60357781","shell","pm","list","instrumentation"]
[debug] [UiAutomator2] Instrumentation 'io.appium.uiautomator2.server.test/android.support.test.runner.AndroidJUnitRunner' available
[debug] [ADB] Running 'C:\Users\Lenovo\AppData\Local\Android\android-sdk\platform-tools\adb.exe' with args: ["-P",5037,"-s","60357781","wait-for-device"]
[debug] [ADB] Getting connected devices...
[debug] [ADB] 1 device(s) connected
[debug] [ADB] Running 'C:\Users\Lenovo\AppData\Local\Android\android-sdk\platform-tools\adb.exe' with args: ["-P",5037,"-s","60357781","shell","echo","ping"]
[AndroidDriver] setDeviceLanguageCountry requires language or country.
[AndroidDriver] Got language: 'null' and country: 'null'
[debug] [Logcat] Starting logcat capture
[debug] [AndroidDriver] Pushing settings apk to device...
[debug] [ADB] Getting install status for io.appium.settings
[debug] [ADB] Getting connected devices...
[debug] [ADB] 1 device(s) connected
[debug] [ADB] Running 'C:\Users\Lenovo\AppData\Local\Android\android-sdk\platform-tools\adb.exe' with args: ["-P",5037,"-s","60357781","shell","pm","list","packages","io.appium.settings"]
[debug] [ADB] App is installed
[debug] [ADB] Getting package info for io.appium.settings
[debug] [ADB] Getting connected devices...
[debug] [ADB] 1 device(s) connected
[debug] [ADB] Running 'C:\Users\Lenovo\AppData\Local\Android\android-sdk\platform-tools\adb.exe' with args: ["-P",5037,"-s","60357781","shell","dumpsys","package","io.appium.settings"]
[ADB] Checking whether aapt is present
[debug] [ADB] The installed 'io.appium.settings' package does not require upgrade (17 >= 5)
[debug] [ADB] Device API level: 21
[debug] [ADB] Getting connected devices...
[debug] [ADB] 1 device(s) connected
[debug] [ADB] Running 'C:\Users\Lenovo\AppData\Local\Android\android-sdk\platform-tools\adb.exe' with args: ["-P",5037,"-s","60357781","shell","dumpsys","package","io.appium.settings"]
[debug] [ADB] Getting connected devices...
[debug] [ADB] 1 device(s) connected
[debug] [ADB] Running 'C:\Users\Lenovo\AppData\Local\Android\android-sdk\platform-tools\adb.exe' with args: ["-P",5037,"-s","60357781","shell","ps"]
[debug] [ADB] Device API level: 21
[debug] [ADB] Getting connected devices...
[debug] [ADB] 1 device(s) connected
[debug] [ADB] Running 'C:\Users\Lenovo\AppData\Local\Android\android-sdk\platform-tools\adb.exe' with args: ["-P",5037,"-s","60357781","shell","settings","put","secure","mock_location","1"]
[debug] [AndroidDriver] Pushing unlock helper app to device...
[debug] [ADB] Getting install status for io.appium.unlock
[debug] [ADB] Getting connected devices...
[debug] [ADB] 1 device(s) connected
[debug] [ADB] Running 'C:\Users\Lenovo\AppData\Local\Android\android-sdk\platform-tools\adb.exe' with args: ["-P",5037,"-s","60357781","shell","pm","list","packages","io.appium.unlock"]
[debug] [ADB] App is installed
[debug] [ADB] Getting package info for io.appium.unlock
[debug] [ADB] Getting connected devices...
[debug] [ADB] 1 device(s) connected
[debug] [ADB] Running 'C:\Users\Lenovo\AppData\Local\Android\android-sdk\platform-tools\adb.exe' with args: ["-P",5037,"-s","60357781","shell","dumpsys","package","io.appium.unlock"]
[ADB] Checking whether aapt is present
[debug] [ADB] The installed 'io.appium.unlock' package does not require upgrade (2 >= 2)
[debug] [UiAutomator2] Forwarding UiAutomator2 Server port 6790 to 8207
[debug] [ADB] Forwarding system: 8207 to device: 6790
[debug] [ADB] Running 'C:\Users\Lenovo\AppData\Local\Android\android-sdk\platform-tools\adb.exe' with args: ["-P",5037,"-s","60357781","forward","tcp:8207","tcp:6790"]
[debug] [ADB] Getting connected devices...
[debug] [ADB] 1 device(s) connected
[debug] [ADB] Running 'C:\Users\Lenovo\AppData\Local\Android\android-sdk\platform-tools\adb.exe' with args: ["-P",5037,"-s","60357781","shell","dumpsys","window"]
[AndroidDriver] Screen already unlocked, doing nothing
[debug] [AndroidDriver] Extracting strings from apk null null C:\Users\Lenovo\AppData\Local\Temp\com.abof.android
[debug] [ADB] Extracting strings for language: default
[debug] [ADB] Device API level: 21
[debug] [ADB] Getting connected devices...
[debug] [ADB] 1 device(s) connected
[debug] [ADB] Running 'C:\Users\Lenovo\AppData\Local\Android\android-sdk\platform-tools\adb.exe' with args: ["-P",5037,"-s","60357781","shell","getprop","persist.sys.language"]
[debug] [ADB] Current device property 'persist.sys.language': 
[debug] [ADB] Getting connected devices...
[debug] [ADB] 1 device(s) connected
[debug] [ADB] Running 'C:\Users\Lenovo\AppData\Local\Android\android-sdk\platform-tools\adb.exe' with args: ["-P",5037,"-s","60357781","shell","getprop","ro.product.locale.language"]
[debug] [ADB] Current device property 'ro.product.locale.language': en
[debug] [ADB] No strings.xml for language 'en', getting default strings.xml
[debug] [ADB] Getting connected devices...
[debug] [ADB] 1 device(s) connected
[debug] [ADB] Running 'C:\Users\Lenovo\AppData\Local\Android\android-sdk\platform-tools\adb.exe' with args: ["-P",5037,"-s","60357781","shell","rm","-rf","/data/local/tmp/strings.json"]
[debug] [UiAutomator2] No app capability. Assuming it is already on the device
[debug] [ADB] Checking app cert for null
[debug] [ADB] 'null' doesn't exist
[debug] [ADB] Getting connected devices...
[debug] [ADB] 1 device(s) connected
[debug] [ADB] Running 'C:\Users\Lenovo\AppData\Local\Android\android-sdk\platform-tools\adb.exe' with args: ["-P",5037,"-s","60357781","shell","am","force-stop","io.appium.uiautomator2.server"]
[UiAutomator2] Starting uiautomator2 server v0.3.0
[UiAutomator2] Running command: 'adb -s 60357781 shell am instrument -w io.appium.uiautomator2.server.test/android.support.test.runner.AndroidJUnitRunner'
[UiAutomator2] Waiting up to 20000ms for UiAutomator2 to be online...
[debug] [JSONWP Proxy] Proxying [GET /status] to [GET http://localhost:8207/wd/hub/status] with no body
[debug] [JSONWP Proxy] Proxying [GET /status] to [GET http://localhost:8207/wd/hub/status] with no body
[debug] [JSONWP Proxy] Proxying [GET /status] to [GET http://localhost:8207/wd/hub/status] with no body
[debug] [JSONWP Proxy] Proxying [GET /status] to [GET http://localhost:8207/wd/hub/status] with no body
[debug] [JSONWP Proxy] Proxying [GET /status] to [GET http://localhost:8207/wd/hub/status] with no body
[debug] [JSONWP Proxy] Got response with status 200: "{\"sessionId\":\"SESSIONID\",\"status\":0,\"value\":\"Status Invoked\"}"
[debug] [JSONWP Proxy] Proxying [POST /session] to [POST http://localhost:8207/wd/hub/session] with body: {"desiredCapabilities":{"platform":"LINUX","webStorageEnabled":false,"takesScreenshot":true,"javascriptEnabled":true,"databaseEnabled":false,"networkConnectionEnabled":true,"locationContextEnabled":false,"warnings":{},"desired":{"appPackage":"com.abof.android","appActivity":"com.abof.android.MainActivity","noReset":true,"platformVersion":"","automationName":"UiAutomator2","platformName":"Android","deviceName":"motoG5plus"},"appPackage":"com.abof.android","appActivity":"com.abof.android.MainActivity","noReset":true,"platformVersion":"5.0.2","automationName":"UiAutomator2","platformName":"Android","deviceName":"60357781","deviceUDID":"60357781","deviceScreenSize":"720x1280","deviceScreenDensity":320,"deviceModel":"Lenovo A6000","deviceManufacturer":"LENOVO"}}
[debug] [JSONWP Proxy] Got response with status 200: {"sessionId":"205394c4-bd1b-4098-8600-eee57d652e1a","status":0,"value":"Created Session"}
[UiAutomator2] UiAutomator2 did not start the activity we were waiting for, 'com.abof.android/com.abof.android.MainActivity'. Starting it ourselves
[debug] [ADB] Device API level: 21
[debug] [ADB] Getting connected devices...
[debug] [ADB] 1 device(s) connected
[debug] [ADB] Running 'C:\Users\Lenovo\AppData\Local\Android\android-sdk\platform-tools\adb.exe' with args: ["-P",5037,"-s","60357781","shell","am","start","-W","-n","com.abof.android/com.abof.android.MainActivity","-S","-a","android.intent.action.MAIN","-c","android.intent.category.LAUNCHER","-f","0x10200000"]
[Appium] New AndroidUiautomator2Driver session created successfully, session e20fb945-8b16-4805-927e-f8618df28704 added to master session list
[debug] [BaseDriver] Event 'newSessionStarted' logged at 1556433658618 (12:10:58 GMT+0530 (India Standard Time))
[debug] [MJSONWP] Responding to client with driver.createSession() result: {"appPackage":"com.abof.android","appActivity":"com.abof.android.MainActivity","noReset":true,"platformVersion":"","automationName":"UiAutomator2","platformName":"Android","deviceName":"motoG5plus"}
[HTTP] <-- POST /wd/hub/session 200 20574 ms - 270 
[HTTP] --> POST /wd/hub/session/e20fb945-8b16-4805-927e-f8618df28704/timeouts {"type":"implicit","ms":40000}
[debug] [MJSONWP] Calling AppiumDriver.timeouts() with args: ["implicit",40000,"e20fb945-8b16-4805-927e-f8618df28704"]
[debug] [BaseDriver] Set implicit wait to 40000ms
[debug] [MJSONWP] Responding to client with driver.timeouts() result: null
[HTTP] <-- POST /wd/hub/session/e20fb945-8b16-4805-927e-f8618df28704/timeouts 200 7 ms - 76 
[HTTP] --> POST /wd/hub/session/e20fb945-8b16-4805-927e-f8618df28704/timeouts {"type":"implicit","ms":0}
[debug] [MJSONWP] Calling AppiumDriver.timeouts() with args: ["implicit",0,"e20fb945-8b16-4805-927e-f8618df28704"]
[debug] [BaseDriver] Set implicit wait to 0ms
[debug] [MJSONWP] Responding to client with driver.timeouts() result: null
[HTTP] <-- POST /wd/hub/session/e20fb945-8b16-4805-927e-f8618df28704/timeouts 200 13 ms - 76 
[HTTP] --> GET /wd/hub/session/e20fb945-8b16-4805-927e-f8618df28704/context {}
[debug] [MJSONWP] Calling AppiumDriver.getCurrentContext() with args: ["e20fb945-8b16-4805-927e-f8618df28704"]
[debug] [MJSONWP] Responding to client with driver.getCurrentContext() result: "NATIVE_APP"
[HTTP] <-- GET /wd/hub/session/e20fb945-8b16-4805-927e-f8618df28704/context 200 5 ms - 84 
[HTTP] --> POST /wd/hub/session/e20fb945-8b16-4805-927e-f8618df28704/elements {"using":"xpath","value":"//android.view.View[@resource-id='toggle-menu']"}
[debug] [MJSONWP] Calling AppiumDriver.findElements() with args: ["xpath","//android.view.View[@resource-id='toggle-menu']","e20fb945-8b16-4805-927e-f8618df28704"]
[debug] [BaseDriver] Valid locator strategies for this request: xpath, id, class name, accessibility id, -android uiautomator
[debug] [BaseDriver] Valid locator strategies for this request: xpath, id, class name, accessibility id, -android uiautomator
[debug] [BaseDriver] Waiting up to 0 ms for condition
[debug] [JSONWP Proxy] Proxying [POST /elements] to [POST http://localhost:8207/wd/hub/session/205394c4-bd1b-4098-8600-eee57d652e1a/elements] with body: {"strategy":"xpath","selector":"//android.view.View[@resource-id='toggle-menu']","context":"","multiple":true}
[debug] [JSONWP Proxy] Got response with status 200: {"sessionId":"205394c4-bd1b-4098-8600-eee57d652e1a","status":0,"value":[]}
[debug] [MJSONWP] Responding to client with driver.findElements() result: []
[HTTP] <-- POST /wd/hub/session/e20fb945-8b16-4805-927e-f8618df28704/elements 200 121 ms - 74 
[HTTP] --> GET /wd/hub/session/e20fb945-8b16-4805-927e-f8618df28704/context {}
[debug] [MJSONWP] Calling AppiumDriver.getCurrentContext() with args: ["e20fb945-8b16-4805-927e-f8618df28704"]
[debug] [MJSONWP] Responding to client with driver.getCurrentContext() result: "NATIVE_APP"
[HTTP] <-- GET /wd/hub/session/e20fb945-8b16-4805-927e-f8618df28704/context 200 10 ms - 84 
[HTTP] --> POST /wd/hub/session/e20fb945-8b16-4805-927e-f8618df28704/elements {"using":"xpath","value":"//android.view.View[@resource-id='toggle-menu']"}
[debug] [MJSONWP] Calling AppiumDriver.findElements() with args: ["xpath","//android.view.View[@resource-id='toggle-menu']","e20fb945-8b16-4805-927e-f8618df28704"]
[debug] [BaseDriver] Valid locator strategies for this request: xpath, id, class name, accessibility id, -android uiautomator
[debug] [BaseDriver] Valid locator strategies for this request: xpath, id, class name, accessibility id, -android uiautomator
[debug] [BaseDriver] Waiting up to 0 ms for condition
[debug] [JSONWP Proxy] Proxying [POST /elements] to [POST http://localhost:8207/wd/hub/session/205394c4-bd1b-4098-8600-eee57d652e1a/elements] with body: {"strategy":"xpath","selector":"//android.view.View[@resource-id='toggle-menu']","context":"","multiple":true}
[debug] [JSONWP Proxy] Got response with status 200: {"sessionId":"205394c4-bd1b-4098-8600-eee57d652e1a","status":0,"value":[]}
[debug] [MJSONWP] Responding to client with driver.findElements() result: []
[HTTP] <-- POST /wd/hub/session/e20fb945-8b16-4805-927e-f8618df28704/elements 200 50 ms - 74 
[HTTP] --> GET /wd/hub/session/e20fb945-8b16-4805-927e-f8618df28704/context {}
[debug] [MJSONWP] Calling AppiumDriver.getCurrentContext() with args: ["e20fb945-8b16-4805-927e-f8618df28704"]
[debug] [MJSONWP] Responding to client with driver.getCurrentContext() result: "NATIVE_APP"
[HTTP] <-- GET /wd/hub/session/e20fb945-8b16-4805-927e-f8618df28704/context 200 9 ms - 84 
[HTTP] --> POST /wd/hub/session/e20fb945-8b16-4805-927e-f8618df28704/elements {"using":"xpath","value":"//android.view.View[@resource-id='toggle-menu']"}
[debug] [MJSONWP] Calling AppiumDriver.findElements() with args: ["xpath","//android.view.View[@resource-id='toggle-menu']","e20fb945-8b16-4805-927e-f8618df28704"]
[debug] [BaseDriver] Valid locator strategies for this request: xpath, id, class name, accessibility id, -android uiautomator
[debug] [BaseDriver] Valid locator strategies for this request: xpath, id, class name, accessibility id, -android uiautomator
[debug] [BaseDriver] Waiting up to 0 ms for condition
[debug] [JSONWP Proxy] Proxying [POST /elements] to [POST http://localhost:8207/wd/hub/session/205394c4-bd1b-4098-8600-eee57d652e1a/elements] with body: {"strategy":"xpath","selector":"//android.view.View[@resource-id='toggle-menu']","context":"","multiple":true}
[debug] [JSONWP Proxy] Got response with status 200: {"sessionId":"205394c4-bd1b-4098-8600-eee57d652e1a","status":0,"value":[]}
[debug] [MJSONWP] Responding to client with driver.findElements() result: []
[HTTP] <-- POST /wd/hub/session/e20fb945-8b16-4805-927e-f8618df28704/elements 200 45 ms - 74 
[HTTP] --> POST /wd/hub/session/e20fb945-8b16-4805-927e-f8618df28704/timeouts {"type":"implicit","ms":1000}
[debug] [MJSONWP] Calling AppiumDriver.timeouts() with args: ["implicit",1000,"e20fb945-8b16-4805-927e-f8618df28704"]
[debug] [BaseDriver] Set implicit wait to 1000ms
[debug] [MJSONWP] Responding to client with driver.timeouts() result: null
[HTTP] <-- POST /wd/hub/session/e20fb945-8b16-4805-927e-f8618df28704/timeouts 200 2 ms - 76 
]]></system-out>
  </testcase>
  <testcase name="searchProdTest" classname="com.abof.testscripts.SearchTest" time="10.502">
    <failure message="Can&apos;t locate an element by this strategy: Locator map: &#10;- native content: &quot;By.xpath: //android.view.View[@text=&apos;abof Men Multicolored Printed Slim Fit Casual Shirt&apos;]&quot; &#10;- html content: &quot;by id or name &quot;shirtName&quot;&quot;&#10;For documentation on this error, please visit: http://seleniumhq.org/exceptions/no_such_element.html&#10;Build info: version: &apos;2.53.1&apos;, revision: &apos;a36b8b1cd5757287168e54b817830adce9b0158d&apos;, time: &apos;2016-06-30 19:26:09&apos;&#10;System info: host: &apos;Kanhaiya&apos;, ip: &apos;192.168.0.5&apos;, os.name: &apos;Windows 8.1&apos;, os.arch: &apos;x86&apos;, os.version: &apos;6.3&apos;, java.version: &apos;1.8.0_45&apos;&#10;Driver info: driver.version: unknown" type="org.openqa.selenium.NoSuchElementException">org.openqa.selenium.NoSuchElementException: 
Can't locate an element by this strategy: Locator map: 
- native content: "By.xpath: //android.view.View[@text='abof Men Multicolored Printed Slim Fit Casual Shirt']" 
- html content: "by id or name "shirtName""
For documentation on this error, please visit: http://seleniumhq.org/exceptions/no_such_element.html
Build info: version: '2.53.1', revision: 'a36b8b1cd5757287168e54b817830adce9b0158d', time: '2016-06-30 19:26:09'
System info: host: 'Kanhaiya', ip: '192.168.0.5', os.name: 'Windows 8.1', os.arch: 'x86', os.version: '6.3', java.version: '1.8.0_45'
Driver info: driver.version: unknown
	at com.abof.testscripts.SearchTest.searchProdTest(SearchTest.java:24)
</failure>
    <system-out><![CDATA[[HTTP] --> GET /wd/hub/session/e20fb945-8b16-4805-927e-f8618df28704/screenshot {}
[debug] [MJSONWP] Calling AppiumDriver.getScreenshot() with args: ["e20fb945-8b16-4805-927e-f8618df28704"]
[debug] [ADB] Device API level: 21
[debug] [ADB] Getting connected devices...
[debug] [ADB] 1 device(s) connected
[debug] [ADB] Running 'C:\Users\Lenovo\AppData\Local\Android\android-sdk\platform-tools\adb.exe' with args: ["-P",5037,"-s","60357781","shell","dumpsys","input"]
[debug] [MJSONWP] Responding to client with driver.getScreenshot() result: "iVBORw0KGgoAAAANSUhEUgAAAtAAAAUACAYAAABuzmU9AAAsAUlEQVR4AezBe5TXdYH4/+fr9fkMAwzCgKiA3LwgICCaAl76eglXzTZFSs1jlp1uZraaXY6Rl7ytJbute7LNNW1zj5a3U1q7FpXYZqlDoBiGgoIgcgkUEZhhZvi836/f+fwx53D4qb3EQcyej0cAEpIkSZKyRCRJkiRli0iSJEnKFpEkSZKULSJJkiQpW0SSJElStogkSZKkbBHpXSaEgCRJ0s4Skd5FQgjUhRCQJEnaGarsJJVKhYaGBvr06UNdR0cHmzZtoksIgcbGRnr37k21WiWEQF1Kia1bt9LW1kZnZycpJaQcIQTqzj77bObMmcOSJUsoigJJkqTuVGUnaW5u5sADD+Qf//EfaWho4PHHH+f222+nS+/evZkwYQLHH388++yzDw0NDdR1dnayaNEifvvb37JgwQLa29vZlY466ihGjBjBihUrePjhh9E7UwiBarXK9OnTufrqq3nwwQe58MILaWtrI6WEJElSd6myE1SrVYYNG8bJJ5/MqFGjaGtrY7fddqNLc3MzY8eO5dRTT2XgwIG89NJLrFixghACI0eOZNSoUfTp04f29naWLl1Ka2sru8rw4cOJMTJixAgefvhh3m0aGhqYMmUKxx9/PKNHj2bIkCEURcG6detYtGgRDz74II899hgdHR28k4UQOPDAA/niF79IpVLh+OOPZ8aMGVx22WWklJAkSeouVXaCPffck7FjxzJ+/HgaGxtpa2tjW4MGDWLy5MlMmDCBefPm8dhjj/Hss88SQuCQQw7hiCOOYNy4ccyfP5+XXnqJ1tZWdpUYI+82lUqFcePGMW3aND784Q/T3NxMpVKhS0qJ0aNH8973vpdPfvKTrFu3jvvuu4/77ruPBQsWUBQF7yQhBJqamvjKV77CkCFDqFQqxBj56Ec/yuOPP87PfvYztm7diiRJUneo0s2q1Spjxoxh4sSJVCoVQghsb+jQoRx66KGEEHjk...
[HTTP] <-- GET /wd/hub/session/e20fb945-8b16-4805-927e-f8618df28704/screenshot 200 1012 ms - 19614 
[HTTP] --> POST /wd/hub/session/e20fb945-8b16-4805-927e-f8618df28704/appium/app/close {}
[debug] [MJSONWP] Calling AppiumDriver.closeApp() with args: ["e20fb945-8b16-4805-927e-f8618df28704"]
[debug] [ADB] Getting connected devices...
[debug] [ADB] 1 device(s) connected
[debug] [ADB] Running 'C:\Users\Lenovo\AppData\Local\Android\android-sdk\platform-tools\adb.exe' with args: ["-P",5037,"-s","60357781","shell","am","force-stop","com.abof.android"]
[debug] [MJSONWP] Responding to client with driver.closeApp() result: null
[HTTP] <-- POST /wd/hub/session/e20fb945-8b16-4805-927e-f8618df28704/appium/app/close 200 759 ms - 76 
Appium server stopping...
Appium server stopped.
Appium server statrting...
[Appium] Welcome to Appium v1.7.2
[Appium] Non-default server args:
[Appium]   port: 35013
[Appium] Appium REST http interface listener started on 0.0.0.0:35013
[HTTP] --> GET /wd/hub/status {}
[debug] [MJSONWP] Calling AppiumDriver.getStatus() with args: []
[debug] [MJSONWP] Responding to client with driver.getStatus() result: {"build":{"version":"1.7.2","revision":null}}
Appium server started.
[HTTP] <-- GET /wd/hub/status 200 11 ms - 72 
[HTTP] --> POST /wd/hub/session {"desiredCapabilities":{"appPackage":"com.abof.android","appActivity":"com.abof.android.MainActivity","noReset":"true","platformVersion":"","automationName":"UiAutomator2","platformName":"Android","deviceName":"motoG5plus"}}
[debug] [MJSONWP] Calling AppiumDriver.createSession() with args: [{"appPackage":"com.abof.android","appActivity":"com.abof.android.MainActivity","noReset":"true","platformVersion":"","automationName":"UiAutomator2","platformName":"Android","deviceName":"motoG5plus"},null,null]
[debug] [BaseDriver] Event 'newSessionRequested' logged at 1556433668056 (12:11:08 GMT+0530 (India Standard Time))
[Appium] Creating new AndroidUiautomator2Driver (v0.11.0) session
[Appium] Capabilities:
[Appium]   appPackage: com.abof.android
[Appium]   appActivity: com.abof.android.MainActivity
[Appium]   noReset: true
[Appium]   platformVersion: 
[Appium]   automationName: UiAutomator2
[Appium]   platformName: Android
[Appium]   deviceName: motoG5plus
[BaseDriver] Capability 'noReset' changed from string to boolean. This may cause unexpected behavior
[BaseDriver] Session created with session id: f3f499c0-05b4-441e-93d4-b00a097f3231
[debug] [AndroidDriver] Getting Java version
[AndroidDriver] Java version is: 1.8.0_45
[ADB] Checking whether adb is present
[ADB] Using adb.exe from C:\Users\Lenovo\AppData\Local\Android\android-sdk\platform-tools\adb.exe
[AndroidDriver] Retrieving device list
[debug] [ADB] Trying to find a connected android device
[debug] [ADB] Getting connected devices...
[debug] [ADB] 1 device(s) connected
[AndroidDriver] Using device: 60357781
[ADB] Checking whether adb is present
[debug] [ADB] Setting device id to 60357781
[debug] [ADB] Getting connected devices...
[debug] [ADB] 1 device(s) connected
[debug] [ADB] Running 'C:\Users\Lenovo\AppData\Local\Android\android-sdk\platform-tools\adb.exe' with args: ["-P",5037,"-s","60357781","shell","getprop","ro.build.version.sdk"]
[debug] [ADB] Current device property 'ro.build.version.sdk': 21
[debug] [ADB] Device API level: 21
[AndroidDriver] No app sent in, not parsing package/activity
[ADB] Getting device platform version
[debug] [ADB] Getting connected devices...
[debug] [ADB] 1 device(s) connected
[debug] [ADB] Running 'C:\Users\Lenovo\AppData\Local\Android\android-sdk\platform-tools\adb.exe' with args: ["-P",5037,"-s","60357781","shell","getprop","ro.build.version.release"]
[debug] [ADB] Current device property 'ro.build.version.release': 5.0.2
[debug] [ADB] Getting connected devices...
[debug] [ADB] 1 device(s) connected
[debug] [ADB] Running 'C:\Users\Lenovo\AppData\Local\Android\android-sdk\platform-tools\adb.exe' with args: ["-P",5037,"-s","60357781","shell","wm","size"]
[debug] [ADB] Getting connected devices...
[debug] [ADB] 1 device(s) connected
[debug] [ADB] Running 'C:\Users\Lenovo\AppData\Local\Android\android-sdk\platform-tools\adb.exe' with args: ["-P",5037,"-s","60357781","shell","wm","density"]
[debug] [ADB] Getting connected devices...
[debug] [ADB] 1 device(s) connected
[debug] [ADB] Running 'C:\Users\Lenovo\AppData\Local\Android\android-sdk\platform-tools\adb.exe' with args: ["-P",5037,"-s","60357781","shell","getprop","ro.product.model"]
[debug] [ADB] Current device property 'ro.product.model': Lenovo A6000
[debug] [ADB] Getting connected devices...
[debug] [ADB] 1 device(s) connected
[debug] [ADB] Running 'C:\Users\Lenovo\AppData\Local\Android\android-sdk\platform-tools\adb.exe' with args: ["-P",5037,"-s","60357781","shell","getprop","ro.product.manufacturer"]
[debug] [ADB] Current device property 'ro.product.manufacturer': LENOVO
[debug] [ADB] Getting connected devices...
[debug] [ADB] 1 device(s) connected
[debug] [ADB] Running 'C:\Users\Lenovo\AppData\Local\Android\android-sdk\platform-tools\adb.exe' with args: ["-P",5037,"-s","60357781","shell","am","force-stop","io.appium.uiautomator2.server"]
[ADB] Checking whether aapt is present
[ADB] Using aapt.exe from C:\Users\Lenovo\AppData\Local\Android\android-sdk\build-tools\28.0.1\aapt.exe
[debug] [ADB] Getting install status for io.appium.uiautomator2.server
[debug] [ADB] Getting connected devices...
[debug] [ADB] 1 device(s) connected
[debug] [ADB] Running 'C:\Users\Lenovo\AppData\Local\Android\android-sdk\platform-tools\adb.exe' with args: ["-P",5037,"-s","60357781","shell","pm","list","packages","io.appium.uiautomator2.server"]
[debug] [ADB] App is installed
[debug] [ADB] Getting install status for io.appium.uiautomator2.server.test
[debug] [ADB] Getting connected devices...
[debug] [ADB] 1 device(s) connected
[debug] [ADB] Running 'C:\Users\Lenovo\AppData\Local\Android\android-sdk\platform-tools\adb.exe' with args: ["-P",5037,"-s","60357781","shell","pm","list","packages","io.appium.uiautomator2.server.test"]
[debug] [ADB] App is installed
[debug] [ADB] Getting package info for io.appium.uiautomator2.server
[debug] [ADB] Getting connected devices...
[debug] [ADB] 1 device(s) connected
[debug] [ADB] Running 'C:\Users\Lenovo\AppData\Local\Android\android-sdk\platform-tools\adb.exe' with args: ["-P",5037,"-s","60357781","shell","dumpsys","package","io.appium.uiautomator2.server"]
[debug] [UiAutomator2] Waiting up to 20000ms for instrumentation 'io.appium.uiautomator2.server.test/android.support.test.runner.AndroidJUnitRunner' to be available
[debug] [ADB] Getting connected devices...
[debug] [ADB] 1 device(s) connected
[debug] [ADB] Running 'C:\Users\Lenovo\AppData\Local\Android\android-sdk\platform-tools\adb.exe' with args: ["-P",5037,"-s","60357781","shell","pm","list","instrumentation"]
[debug] [UiAutomator2] Instrumentation 'io.appium.uiautomator2.server.test/android.support.test.runner.AndroidJUnitRunner' available
[debug] [ADB] Running 'C:\Users\Lenovo\AppData\Local\Android\android-sdk\platform-tools\adb.exe' with args: ["-P",5037,"-s","60357781","wait-for-device"]
[debug] [ADB] Getting connected devices...
[debug] [ADB] 1 device(s) connected
[debug] [ADB] Running 'C:\Users\Lenovo\AppData\Local\Android\android-sdk\platform-tools\adb.exe' with args: ["-P",5037,"-s","60357781","shell","echo","ping"]
[AndroidDriver] setDeviceLanguageCountry requires language or country.
[AndroidDriver] Got language: 'null' and country: 'null'
[debug] [Logcat] Starting logcat capture
[debug] [AndroidDriver] Pushing settings apk to device...
[debug] [ADB] Getting install status for io.appium.settings
[debug] [ADB] Getting connected devices...
[debug] [ADB] 1 device(s) connected
[debug] [ADB] Running 'C:\Users\Lenovo\AppData\Local\Android\android-sdk\platform-tools\adb.exe' with args: ["-P",5037,"-s","60357781","shell","pm","list","packages","io.appium.settings"]
[debug] [ADB] App is installed
[debug] [ADB] Getting package info for io.appium.settings
[debug] [ADB] Getting connected devices...
[debug] [ADB] 1 device(s) connected
[debug] [ADB] Running 'C:\Users\Lenovo\AppData\Local\Android\android-sdk\platform-tools\adb.exe' with args: ["-P",5037,"-s","60357781","shell","dumpsys","package","io.appium.settings"]
[ADB] Checking whether aapt is present
[debug] [ADB] The installed 'io.appium.settings' package does not require upgrade (17 >= 5)
[debug] [ADB] Device API level: 21
[debug] [ADB] Getting connected devices...
[debug] [ADB] 1 device(s) connected
[debug] [ADB] Running 'C:\Users\Lenovo\AppData\Local\Android\android-sdk\platform-tools\adb.exe' with args: ["-P",5037,"-s","60357781","shell","dumpsys","package","io.appium.settings"]
[debug] [ADB] Getting connected devices...
[debug] [ADB] 1 device(s) connected
[debug] [ADB] Running 'C:\Users\Lenovo\AppData\Local\Android\android-sdk\platform-tools\adb.exe' with args: ["-P",5037,"-s","60357781","shell","ps"]
[debug] [ADB] Device API level: 21
[debug] [ADB] Getting connected devices...
[debug] [ADB] 1 device(s) connected
[debug] [ADB] Running 'C:\Users\Lenovo\AppData\Local\Android\android-sdk\platform-tools\adb.exe' with args: ["-P",5037,"-s","60357781","shell","settings","put","secure","mock_location","1"]
[debug] [AndroidDriver] Pushing unlock helper app to device...
[debug] [ADB] Getting install status for io.appium.unlock
[debug] [ADB] Getting connected devices...
[debug] [ADB] 1 device(s) connected
[debug] [ADB] Running 'C:\Users\Lenovo\AppData\Local\Android\android-sdk\platform-tools\adb.exe' with args: ["-P",5037,"-s","60357781","shell","pm","list","packages","io.appium.unlock"]
[debug] [ADB] App is installed
[debug] [ADB] Getting package info for io.appium.unlock
[debug] [ADB] Getting connected devices...
[debug] [ADB] 1 device(s) connected
[debug] [ADB] Running 'C:\Users\Lenovo\AppData\Local\Android\android-sdk\platform-tools\adb.exe' with args: ["-P",5037,"-s","60357781","shell","dumpsys","package","io.appium.unlock"]
[ADB] Checking whether aapt is present
[debug] [ADB] The installed 'io.appium.unlock' package does not require upgrade (2 >= 2)
[debug] [UiAutomator2] Forwarding UiAutomator2 Server port 6790 to 8208
[debug] [ADB] Forwarding system: 8208 to device: 6790
[debug] [ADB] Running 'C:\Users\Lenovo\AppData\Local\Android\android-sdk\platform-tools\adb.exe' with args: ["-P",5037,"-s","60357781","forward","tcp:8208","tcp:6790"]
[debug] [ADB] Getting connected devices...
[debug] [ADB] 1 device(s) connected
[debug] [ADB] Running 'C:\Users\Lenovo\AppData\Local\Android\android-sdk\platform-tools\adb.exe' with args: ["-P",5037,"-s","60357781","shell","dumpsys","window"]
[AndroidDriver] Screen already unlocked, doing nothing
[debug] [AndroidDriver] Extracting strings from apk null null C:\Users\Lenovo\AppData\Local\Temp\com.abof.android
[debug] [ADB] Extracting strings for language: default
[debug] [ADB] Device API level: 21
[debug] [ADB] Getting connected devices...
[debug] [ADB] 1 device(s) connected
[debug] [ADB] Running 'C:\Users\Lenovo\AppData\Local\Android\android-sdk\platform-tools\adb.exe' with args: ["-P",5037,"-s","60357781","shell","getprop","persist.sys.language"]
[debug] [ADB] Current device property 'persist.sys.language': 
[debug] [ADB] Getting connected devices...
[debug] [ADB] 1 device(s) connected
[debug] [ADB] Running 'C:\Users\Lenovo\AppData\Local\Android\android-sdk\platform-tools\adb.exe' with args: ["-P",5037,"-s","60357781","shell","getprop","ro.product.locale.language"]
[debug] [ADB] Current device property 'ro.product.locale.language': en
[debug] [ADB] No strings.xml for language 'en', getting default strings.xml
[debug] [ADB] Getting connected devices...
[debug] [ADB] 1 device(s) connected
[debug] [ADB] Running 'C:\Users\Lenovo\AppData\Local\Android\android-sdk\platform-tools\adb.exe' with args: ["-P",5037,"-s","60357781","shell","rm","-rf","/data/local/tmp/strings.json"]
[debug] [UiAutomator2] No app capability. Assuming it is already on the device
[debug] [ADB] Checking app cert for null
[debug] [ADB] 'null' doesn't exist
[debug] [ADB] Getting connected devices...
[debug] [ADB] 1 device(s) connected
[debug] [ADB] Running 'C:\Users\Lenovo\AppData\Local\Android\android-sdk\platform-tools\adb.exe' with args: ["-P",5037,"-s","60357781","shell","am","force-stop","io.appium.uiautomator2.server"]
[UiAutomator2] Starting uiautomator2 server v0.3.0
[UiAutomator2] Running command: 'adb -s 60357781 shell am instrument -w io.appium.uiautomator2.server.test/android.support.test.runner.AndroidJUnitRunner'
[UiAutomator2] Waiting up to 20000ms for UiAutomator2 to be online...
[debug] [JSONWP Proxy] Proxying [GET /status] to [GET http://localhost:8208/wd/hub/status] with no body
[debug] [JSONWP Proxy] Proxying [GET /status] to [GET http://localhost:8208/wd/hub/status] with no body
[debug] [JSONWP Proxy] Proxying [GET /status] to [GET http://localhost:8208/wd/hub/status] with no body
[debug] [JSONWP Proxy] Proxying [GET /status] to [GET http://localhost:8208/wd/hub/status] with no body
[debug] [JSONWP Proxy] Proxying [GET /status] to [GET http://localhost:8208/wd/hub/status] with no body
[debug] [JSONWP Proxy] Got response with status 200: "{\"sessionId\":\"SESSIONID\",\"status\":0,\"value\":\"Status Invoked\"}"
[debug] [JSONWP Proxy] Proxying [POST /session] to [POST http://localhost:8208/wd/hub/session] with body: {"desiredCapabilities":{"platform":"LINUX","webStorageEnabled":false,"takesScreenshot":true,"javascriptEnabled":true,"databaseEnabled":false,"networkConnectionEnabled":true,"locationContextEnabled":false,"warnings":{},"desired":{"appPackage":"com.abof.android","appActivity":"com.abof.android.MainActivity","noReset":true,"platformVersion":"","automationName":"UiAutomator2","platformName":"Android","deviceName":"motoG5plus"},"appPackage":"com.abof.android","appActivity":"com.abof.android.MainActivity","noReset":true,"platformVersion":"5.0.2","automationName":"UiAutomator2","platformName":"Android","deviceName":"60357781","deviceUDID":"60357781","deviceScreenSize":"720x1280","deviceScreenDensity":320,"deviceModel":"Lenovo A6000","deviceManufacturer":"LENOVO"}}
[debug] [JSONWP Proxy] Got response with status 200: {"sessionId":"f0d66cf5-3826-4596-954f-3407992fd25d","status":0,"value":"Created Session"}
[UiAutomator2] UiAutomator2 did not start the activity we were waiting for, 'com.abof.android/com.abof.android.MainActivity'. Starting it ourselves
[debug] [ADB] Device API level: 21
[debug] [ADB] Getting connected devices...
[debug] [ADB] 1 device(s) connected
[debug] [ADB] Running 'C:\Users\Lenovo\AppData\Local\Android\android-sdk\platform-tools\adb.exe' with args: ["-P",5037,"-s","60357781","shell","am","start","-W","-n","com.abof.android/com.abof.android.MainActivity","-S","-a","android.intent.action.MAIN","-c","android.intent.category.LAUNCHER","-f","0x10200000"]
[Appium] New AndroidUiautomator2Driver session created successfully, session f3f499c0-05b4-441e-93d4-b00a097f3231 added to master session list
[debug] [BaseDriver] Event 'newSessionStarted' logged at 1556433683875 (12:11:23 GMT+0530 (India Standard Time))
[debug] [MJSONWP] Responding to client with driver.createSession() result: {"appPackage":"com.abof.android","appActivity":"com.abof.android.MainActivity","noReset":true,"platformVersion":"","automationName":"UiAutomator2","platformName":"Android","deviceName":"motoG5plus"}
[HTTP] <-- POST /wd/hub/session 200 15822 ms - 270 
[HTTP] --> POST /wd/hub/session/f3f499c0-05b4-441e-93d4-b00a097f3231/timeouts {"type":"implicit","ms":40000}
[debug] [MJSONWP] Calling AppiumDriver.timeouts() with args: ["implicit",40000,"f3f499c0-05b4-441e-93d4-b00a097f3231"]
[debug] [BaseDriver] Set implicit wait to 40000ms
[debug] [MJSONWP] Responding to client with driver.timeouts() result: null
[HTTP] <-- POST /wd/hub/session/f3f499c0-05b4-441e-93d4-b00a097f3231/timeouts 200 11 ms - 76 
[HTTP] --> POST /wd/hub/session/f3f499c0-05b4-441e-93d4-b00a097f3231/timeouts {"type":"implicit","ms":0}
[debug] [MJSONWP] Calling AppiumDriver.timeouts() with args: ["implicit",0,"f3f499c0-05b4-441e-93d4-b00a097f3231"]
[debug] [BaseDriver] Set implicit wait to 0ms
[debug] [MJSONWP] Responding to client with driver.timeouts() result: null
[HTTP] <-- POST /wd/hub/session/f3f499c0-05b4-441e-93d4-b00a097f3231/timeouts 200 4 ms - 76 
[HTTP] --> GET /wd/hub/session/f3f499c0-05b4-441e-93d4-b00a097f3231/context {}
[debug] [MJSONWP] Calling AppiumDriver.getCurrentContext() with args: ["f3f499c0-05b4-441e-93d4-b00a097f3231"]
[debug] [MJSONWP] Responding to client with driver.getCurrentContext() result: "NATIVE_APP"
[HTTP] <-- GET /wd/hub/session/f3f499c0-05b4-441e-93d4-b00a097f3231/context 200 4 ms - 84 
[HTTP] --> POST /wd/hub/session/f3f499c0-05b4-441e-93d4-b00a097f3231/elements {"using":"xpath","value":"//android.view.View[@text='?utm_source=app#']"}
[debug] [MJSONWP] Calling AppiumDriver.findElements() with args: ["xpath","//android.view.View[@text='?utm_source=app#']","f3f499c0-05b4-441e-93d4-b00a097f3231"]
[debug] [BaseDriver] Valid locator strategies for this request: xpath, id, class name, accessibility id, -android uiautomator
[debug] [BaseDriver] Valid locator strategies for this request: xpath, id, class name, accessibility id, -android uiautomator
[debug] [BaseDriver] Waiting up to 0 ms for condition
[debug] [JSONWP Proxy] Proxying [POST /elements] to [POST http://localhost:8208/wd/hub/session/f0d66cf5-3826-4596-954f-3407992fd25d/elements] with body: {"strategy":"xpath","selector":"//android.view.View[@text='?utm_source=app#']","context":"","multiple":true}
[debug] [JSONWP Proxy] Got response with status 200: {"sessionId":"f0d66cf5-3826-4596-954f-3407992fd25d","status":0,"value":[]}
[debug] [MJSONWP] Responding to client with driver.findElements() result: []
[HTTP] <-- POST /wd/hub/session/f3f499c0-05b4-441e-93d4-b00a097f3231/elements 200 121 ms - 74 
[HTTP] --> GET /wd/hub/session/f3f499c0-05b4-441e-93d4-b00a097f3231/context {}
[debug] [MJSONWP] Calling AppiumDriver.getCurrentContext() with args: ["f3f499c0-05b4-441e-93d4-b00a097f3231"]
[debug] [MJSONWP] Responding to client with driver.getCurrentContext() result: "NATIVE_APP"
[HTTP] <-- GET /wd/hub/session/f3f499c0-05b4-441e-93d4-b00a097f3231/context 200 5 ms - 84 
[HTTP] --> POST /wd/hub/session/f3f499c0-05b4-441e-93d4-b00a097f3231/elements {"using":"xpath","value":"//android.view.View[@text='?utm_source=app#']"}
[debug] [MJSONWP] Calling AppiumDriver.findElements() with args: ["xpath","//android.view.View[@text='?utm_source=app#']","f3f499c0-05b4-441e-93d4-b00a097f3231"]
[debug] [BaseDriver] Valid locator strategies for this request: xpath, id, class name, accessibility id, -android uiautomator
[debug] [BaseDriver] Valid locator strategies for this request: xpath, id, class name, accessibility id, -android uiautomator
[debug] [BaseDriver] Waiting up to 0 ms for condition
[debug] [JSONWP Proxy] Proxying [POST /elements] to [POST http://localhost:8208/wd/hub/session/f0d66cf5-3826-4596-954f-3407992fd25d/elements] with body: {"strategy":"xpath","selector":"//android.view.View[@text='?utm_source=app#']","context":"","multiple":true}
[debug] [JSONWP Proxy] Got response with status 200: {"sessionId":"f0d66cf5-3826-4596-954f-3407992fd25d","status":0,"value":[{"ELEMENT":"b585b4c3-877b-4899-a7aa-bd57ed1d6030"}]}
[debug] [MJSONWP] Responding to client with driver.findElements() result: [{"ELEMENT":"b585b4c3-877b-4899-a7aa-bd57ed1d6030"}]
[HTTP] <-- POST /wd/hub/session/f3f499c0-05b4-441e-93d4-b00a097f3231/elements 200 418 ms - 124 
[HTTP] --> POST /wd/hub/session/f3f499c0-05b4-441e-93d4-b00a097f3231/timeouts {"type":"implicit","ms":1000}
[debug] [MJSONWP] Calling AppiumDriver.timeouts() with args: ["implicit",1000,"f3f499c0-05b4-441e-93d4-b00a097f3231"]
[debug] [BaseDriver] Set implicit wait to 1000ms
[debug] [MJSONWP] Responding to client with driver.timeouts() result: null
[HTTP] <-- POST /wd/hub/session/f3f499c0-05b4-441e-93d4-b00a097f3231/timeouts 200 5 ms - 76 
[HTTP] --> POST /wd/hub/session/f3f499c0-05b4-441e-93d4-b00a097f3231/element/b585b4c3-877b-4899-a7aa-bd57ed1d6030/click {"id":"b585b4c3-877b-4899-a7aa-bd57ed1d6030"}
[debug] [MJSONWP] Calling AppiumDriver.click() with args: ["b585b4c3-877b-4899-a7aa-bd57ed1d6030","f3f499c0-05b4-441e-93d4-b00a097f3231"]
[debug] [JSONWP Proxy] Proxying [POST /element/b585b4c3-877b-4899-a7aa-bd57ed1d6030/click] to [POST http://localhost:8208/wd/hub/session/f0d66cf5-3826-4596-954f-3407992fd25d/element/b585b4c3-877b-4899-a7aa-bd57ed1d6030/click] with body: {"element":"b585b4c3-877b-4899-a7aa-bd57ed1d6030"}
[debug] [JSONWP Proxy] Got response with status 200: {"sessionId":"f0d66cf5-3826-4596-954f-3407992fd25d","status":0,"value":true}
[debug] [MJSONWP] Responding to client with driver.click() result: true
[HTTP] <-- POST /wd/hub/session/f3f499c0-05b4-441e-93d4-b00a097f3231/element/b585b4c3-877b-4899-a7aa-bd57ed1d6030/click 200 47 ms - 76 
[HTTP] --> POST /wd/hub/session/f3f499c0-05b4-441e-93d4-b00a097f3231/timeouts {"type":"implicit","ms":0}
[debug] [MJSONWP] Calling AppiumDriver.timeouts() with args: ["implicit",0,"f3f499c0-05b4-441e-93d4-b00a097f3231"]
[debug] [BaseDriver] Set implicit wait to 0ms
[debug] [MJSONWP] Responding to client with driver.timeouts() result: null
[HTTP] <-- POST /wd/hub/session/f3f499c0-05b4-441e-93d4-b00a097f3231/timeouts 200 4 ms - 76 
[HTTP] --> GET /wd/hub/session/f3f499c0-05b4-441e-93d4-b00a097f3231/context {}
[debug] [MJSONWP] Calling AppiumDriver.getCurrentContext() with args: ["f3f499c0-05b4-441e-93d4-b00a097f3231"]
[debug] [MJSONWP] Responding to client with driver.getCurrentContext() result: "NATIVE_APP"
[HTTP] <-- GET /wd/hub/session/f3f499c0-05b4-441e-93d4-b00a097f3231/context 200 2 ms - 84 
[HTTP] --> POST /wd/hub/session/f3f499c0-05b4-441e-93d4-b00a097f3231/elements {"using":"xpath","value":"//android.view.View[@resource-id='search_form']//android.widget.EditText"}
[debug] [MJSONWP] Calling AppiumDriver.findElements() with args: ["xpath","//android.view.View[@resource-id='search_form']//android.widget.EditText","f3f499c0-05b4-441e-93d4-b00a097f3231"]
[debug] [BaseDriver] Valid locator strategies for this request: xpath, id, class name, accessibility id, -android uiautomator
[debug] [BaseDriver] Valid locator strategies for this request: xpath, id, class name, accessibility id, -android uiautomator
[debug] [BaseDriver] Waiting up to 0 ms for condition
[debug] [JSONWP Proxy] Proxying [POST /elements] to [POST http://localhost:8208/wd/hub/session/f0d66cf5-3826-4596-954f-3407992fd25d/elements] with body: {"strategy":"xpath","selector":"//android.view.View[@resource-id='search_form']//android.widget.EditText","context":"","multiple":true}
[debug] [JSONWP Proxy] Got response with status 200: {"sessionId":"f0d66cf5-3826-4596-954f-3407992fd25d","status":0,"value":[]}
[debug] [MJSONWP] Responding to client with driver.findElements() result: []
[HTTP] <-- POST /wd/hub/session/f3f499c0-05b4-441e-93d4-b00a097f3231/elements 200 77 ms - 74 
[HTTP] --> GET /wd/hub/session/f3f499c0-05b4-441e-93d4-b00a097f3231/context {}
[debug] [MJSONWP] Calling AppiumDriver.getCurrentContext() with args: ["f3f499c0-05b4-441e-93d4-b00a097f3231"]
[debug] [MJSONWP] Responding to client with driver.getCurrentContext() result: "NATIVE_APP"
[HTTP] <-- GET /wd/hub/session/f3f499c0-05b4-441e-93d4-b00a097f3231/context 200 10 ms - 84 
[HTTP] --> POST /wd/hub/session/f3f499c0-05b4-441e-93d4-b00a097f3231/elements {"using":"xpath","value":"//android.view.View[@resource-id='search_form']//android.widget.EditText"}
[debug] [MJSONWP] Calling AppiumDriver.findElements() with args: ["xpath","//android.view.View[@resource-id='search_form']//android.widget.EditText","f3f499c0-05b4-441e-93d4-b00a097f3231"]
[debug] [BaseDriver] Valid locator strategies for this request: xpath, id, class name, accessibility id, -android uiautomator
[debug] [BaseDriver] Valid locator strategies for this request: xpath, id, class name, accessibility id, -android uiautomator
[debug] [BaseDriver] Waiting up to 0 ms for condition
[debug] [JSONWP Proxy] Proxying [POST /elements] to [POST http://localhost:8208/wd/hub/session/f0d66cf5-3826-4596-954f-3407992fd25d/elements] with body: {"strategy":"xpath","selector":"//android.view.View[@resource-id='search_form']//android.widget.EditText","context":"","multiple":true}
[debug] [JSONWP Proxy] Got response with status 200: {"sessionId":"f0d66cf5-3826-4596-954f-3407992fd25d","status":0,"value":[{"ELEMENT":"3a4cc649-4e33-4628-a8d8-99705f458575"}]}
[debug] [MJSONWP] Responding to client with driver.findElements() result: [{"ELEMENT":"3a4cc649-4e33-4628-a8d8-99705f458575"}]
[HTTP] <-- POST /wd/hub/session/f3f499c0-05b4-441e-93d4-b00a097f3231/elements 200 2247 ms - 124 
[HTTP] --> POST /wd/hub/session/f3f499c0-05b4-441e-93d4-b00a097f3231/timeouts {"type":"implicit","ms":1000}
[debug] [MJSONWP] Calling AppiumDriver.timeouts() with args: ["implicit",1000,"f3f499c0-05b4-441e-93d4-b00a097f3231"]
[debug] [BaseDriver] Set implicit wait to 1000ms
[debug] [MJSONWP] Responding to client with driver.timeouts() result: null
[HTTP] <-- POST /wd/hub/session/f3f499c0-05b4-441e-93d4-b00a097f3231/timeouts 200 6 ms - 76 
[HTTP] --> POST /wd/hub/session/f3f499c0-05b4-441e-93d4-b00a097f3231/element/3a4cc649-4e33-4628-a8d8-99705f458575/value {"id":"3a4cc649-4e33-4628-a8d8-99705f458575","value":["shirt"]}
[debug] [MJSONWP] Calling AppiumDriver.setValue() with args: [["shirt"],"3a4cc649-4e33-4628-a8d8-99705f458575","f3f499c0-05b4-441e-93d4-b00a097f3231"]
[debug] [JSONWP Proxy] Proxying [POST /element/3a4cc649-4e33-4628-a8d8-99705f458575/value] to [POST http://localhost:8208/wd/hub/session/f0d66cf5-3826-4596-954f-3407992fd25d/element/3a4cc649-4e33-4628-a8d8-99705f458575/value] with body: {"elementId":"3a4cc649-4e33-4628-a8d8-99705f458575","text":"shirt","replace":false}
[debug] [JSONWP Proxy] Got response with status 200: {"sessionId":"f0d66cf5-3826-4596-954f-3407992fd25d","status":0,"value":""}
[debug] [MJSONWP] Responding to client with driver.setValue() result: ""
[HTTP] <-- POST /wd/hub/session/f3f499c0-05b4-441e-93d4-b00a097f3231/element/3a4cc649-4e33-4628-a8d8-99705f458575/value 200 48 ms - 74 
[HTTP] --> POST /wd/hub/session/f3f499c0-05b4-441e-93d4-b00a097f3231/appium/device/press_keycode {"keycode":66}
[debug] [MJSONWP] Calling AppiumDriver.pressKeyCode() with args: [66,null,null,null,"f3f499c0-05b4-441e-93d4-b00a097f3231"]
[debug] [JSONWP Proxy] Proxying [POST /appium/device/press_keycode] to [POST http://localhost:8208/wd/hub/session/f0d66cf5-3826-4596-954f-3407992fd25d/appium/device/press_keycode] with body: {"keycode":66,"metastate":null}
[debug] [JSONWP Proxy] Got response with status 200: {"sessionId":"f0d66cf5-3826-4596-954f-3407992fd25d","status":0,"value":true}
[debug] [MJSONWP] Responding to client with driver.pressKeyCode() result: true
[HTTP] <-- POST /wd/hub/session/f3f499c0-05b4-441e-93d4-b00a097f3231/appium/device/press_keycode 200 258 ms - 76 
[HTTP] --> POST /wd/hub/session/f3f499c0-05b4-441e-93d4-b00a097f3231/timeouts {"type":"implicit","ms":0}
[debug] [MJSONWP] Calling AppiumDriver.timeouts() with args: ["implicit",0,"f3f499c0-05b4-441e-93d4-b00a097f3231"]
[debug] [BaseDriver] Set implicit wait to 0ms
[debug] [MJSONWP] Responding to client with driver.timeouts() result: null
[HTTP] <-- POST /wd/hub/session/f3f499c0-05b4-441e-93d4-b00a097f3231/timeouts 200 10 ms - 76 
[HTTP] --> GET /wd/hub/session/f3f499c0-05b4-441e-93d4-b00a097f3231/context {}
[debug] [MJSONWP] Calling AppiumDriver.getCurrentContext() with args: ["f3f499c0-05b4-441e-93d4-b00a097f3231"]
[debug] [MJSONWP] Responding to client with driver.getCurrentContext() result: "NATIVE_APP"
[HTTP] <-- GET /wd/hub/session/f3f499c0-05b4-441e-93d4-b00a097f3231/context 200 3 ms - 84 
[HTTP] --> POST /wd/hub/session/f3f499c0-05b4-441e-93d4-b00a097f3231/elements {"using":"xpath","value":"//android.view.View[@text='abof Men Multicolored Printed Slim Fit Casual Shirt']"}
[debug] [MJSONWP] Calling AppiumDriver.findElements() with args: ["xpath","//android.view.View[@text='abof Men Multicolored Printed Slim Fit Casual Shirt']","f3f499c0-05b4-441e-93d4-b00a097f3231"]
[debug] [BaseDriver] Valid locator strategies for this request: xpath, id, class name, accessibility id, -android uiautomator
[debug] [BaseDriver] Valid locator strategies for this request: xpath, id, class name, accessibility id, -android uiautomator
[debug] [BaseDriver] Waiting up to 0 ms for condition
[debug] [JSONWP Proxy] Proxying [POST /elements] to [POST http://localhost:8208/wd/hub/session/f0d66cf5-3826-4596-954f-3407992fd25d/elements] with body: {"strategy":"xpath","selector":"//android.view.View[@text='abof Men Multicolored Printed Slim Fit Casual Shirt']","context":"","multiple":true}
[debug] [JSONWP Proxy] Got response with status 200: {"sessionId":"f0d66cf5-3826-4596-954f-3407992fd25d","status":0,"value":[]}
[debug] [MJSONWP] Responding to client with driver.findElements() result: []
[HTTP] <-- POST /wd/hub/session/f3f499c0-05b4-441e-93d4-b00a097f3231/elements 200 1564 ms - 74 
[HTTP] --> POST /wd/hub/session/f3f499c0-05b4-441e-93d4-b00a097f3231/timeouts {"type":"implicit","ms":1000}
[debug] [MJSONWP] Calling AppiumDriver.timeouts() with args: ["implicit",1000,"f3f499c0-05b4-441e-93d4-b00a097f3231"]
[debug] [BaseDriver] Set implicit wait to 1000ms
[debug] [MJSONWP] Responding to client with driver.timeouts() result: null
[HTTP] <-- POST /wd/hub/session/f3f499c0-05b4-441e-93d4-b00a097f3231/timeouts 200 4 ms - 76 
]]></system-out>
  </testcase>
</testsuite>